<?xml version="1.0" encoding="UTF-8"?>
<!-- Generated by org.testng.reporters.JUnitXMLReporter -->
<testsuite ignored="0" hostname="LAPTOP-QV3VKOM2" failures="0" tests="4" name="Default test" time="7.656" errors="0" timestamp="2024-01-09T14:52:18 IST">
  <testcase classname="day1RestAssured.HTTPRequest" name="getUsers" time="3.187"/>
  <testcase classname="day1RestAssured.HTTPRequest" name="createUser" time="1.664"/>
  <testcase classname="day1RestAssured.HTTPRequest" name="updateUser" time="1.412"/>
  <testcase classname="day1RestAssured.HTTPRequest" name="deleteUser" time="1.318"/>
</testsuite> <!-- Default test -->
