<?xml version="1.0" encoding="UTF-8"?>
<testng-results ignored="0" total="4" passed="4" failed="0" skipped="0">
  <reporter-output>
  </reporter-output>
  <suite started-at="2024-01-09T14:52:10 IST" name="Default suite" finished-at="2024-01-09T14:52:18 IST" duration-ms="7656">
    <groups>
    </groups>
    <test started-at="2024-01-09T14:52:10 IST" name="Default test" finished-at="2024-01-09T14:52:18 IST" duration-ms="7656">
      <class name="day1RestAssured.HTTPRequest">
        <test-method signature="getUsers()[pri:1, instance:day1RestAssured.HTTPRequest@316bcf94]" started-at="2024-01-09T14:52:10 IST" name="getUsers" finished-at="2024-01-09T14:52:13 IST" duration-ms="3187" status="PASS">
          <reporter-output>
          </reporter-output>
        </test-method> <!-- getUsers -->
        <test-method signature="createUser()[pri:2, instance:day1RestAssured.HTTPRequest@316bcf94]" started-at="2024-01-09T14:52:13 IST" name="createUser" finished-at="2024-01-09T14:52:15 IST" duration-ms="1664" status="PASS">
          <reporter-output>
          </reporter-output>
        </test-method> <!-- createUser -->
        <test-method signature="updateUser()[pri:3, instance:day1RestAssured.HTTPRequest@316bcf94]" started-at="2024-01-09T14:52:15 IST" name="updateUser" finished-at="2024-01-09T14:52:16 IST" depends-on-methods="day1RestAssured.HTTPRequest.createUser" duration-ms="1412" status="PASS">
          <reporter-output>
          </reporter-output>
        </test-method> <!-- updateUser -->
        <test-method signature="deleteUser()[pri:4, instance:day1RestAssured.HTTPRequest@316bcf94]" started-at="2024-01-09T14:52:16 IST" name="deleteUser" finished-at="2024-01-09T14:52:18 IST" duration-ms="1318" status="PASS">
          <reporter-output>
          </reporter-output>
        </test-method> <!-- deleteUser -->
      </class> <!-- day1RestAssured.HTTPRequest -->
    </test> <!-- Default test -->
  </suite> <!-- Default suite -->
</testng-results>
