<?xml version="1.0" encoding="UTF-8"?>
<testng-results ignored="0" total="1" passed="1" failed="0" skipped="0">
  <reporter-output>
  </reporter-output>
  <suite started-at="2024-01-10T20:56:40 IST" name="Default suite" finished-at="2024-01-10T20:56:42 IST" duration-ms="2314">
    <groups>
    </groups>
    <test started-at="2024-01-10T20:56:40 IST" name="Default test" finished-at="2024-01-10T20:56:42 IST" duration-ms="2314">
      <class name="day1RestAssured.PutRequest">
        <test-method signature="createUser1()[pri:0, instance:day1RestAssured.PutRequest@ffaa6af]" started-at="2024-01-10T20:56:40 IST" name="createUser1" finished-at="2024-01-10T20:56:42 IST" duration-ms="2276" status="PASS">
          <reporter-output>
          </reporter-output>
        </test-method> <!-- createUser1 -->
      </class> <!-- day1RestAssured.PutRequest -->
    </test> <!-- Default test -->
  </suite> <!-- Default suite -->
</testng-results>
